<?xml version="1.0" encoding="UTF-8" standalone="no"?><testsuite errors="0" failures="1" name="Ver y buscar vehículos existentes" skipped="0" tests="1" time="30.53" timestamp="2025-11-14 07:44:21"><testcase name="Visualizar y buscar varios vehículos por placa correctamente"><failure message="&#13;&#10;Expected: an element that is visible&#13;&#10;     but: no matching element found by [Tabla de resultados de vehículos located with: css: .custom-table-wrapper, table]" type="java.lang.AssertionError">&#13;
Expected: an element that is visible&#13;
     but: no matching element found by [Tabla de resultados de vehículos located with: css: .custom-table-wrapper, table]</failure><system-err>&#13;
Expected: an element that is visible&#13;
     but: no matching element found by [Tabla de resultados de vehículos located with: css: .custom-table-wrapper, table]&#13;
stepdefinitions.ViewsAndSearchVehiculosSteps.que_navega_hasta_la_sección(ViewsAndSearchVehiculosSteps.java:41)&#13;
worker.org.gradle.process.internal.worker.GradleWorkerMain.run(GradleWorkerMain.java:69)&#13;
worker.org.gradle.process.internal.worker.GradleWorkerMain.main(GradleWorkerMain.java:74)&#13;
</system-err></testcase></testsuite>